<?xml version="1.0" encoding="UTF-8"?>
<testsuite name="tests.ReqResTests" tests="6" skipped="0" failures="0" errors="0" timestamp="2022-02-21T18:11:53" hostname="CL-IT01415" time="5.384">
  <properties/>
  <testcase name="createUser" classname="tests.ReqResTests" time="2.222"/>
  <testcase name="deleteUserTest" classname="tests.ReqResTests" time="0.633"/>
  <testcase name="getSingleUserTest" classname="tests.ReqResTests" time="0.721"/>
  <testcase name="patchUserTest" classname="tests.ReqResTests" time="0.582"/>
  <testcase name="postLoginTest" classname="tests.ReqResTests" time="0.592"/>
  <testcase name="putUserTest" classname="tests.ReqResTests" time="0.545"/>
  <system-out><![CDATA[2022-02-21T15:11:52,107 [Test worker] INFO  (BaseTest.java:27) - Setting up the base test
2022-02-21T15:11:53,057 [Test worker] INFO  (ApplicationProperties.java:31) - Property file to read application-dev.properties
2022-02-21T15:11:53,129 [Test worker] INFO  (BaseTest.java:29) - Base test setup complete
]]></system-out>
  <system-err><![CDATA[]]></system-err>
</testsuite>
